[13-Jan-2018 21:02:49 UTC] PHP Parse error:  syntax error, unexpected 'array_keys' (T_STRING) in /home/ubuntu/workspace/small_scale/create_eeg_s.php on line 39
[13-Jan-2018 21:09:21 UTC] PHP Parse error:  syntax error, unexpected '$interp_temp_string_value' (T_VARIABLE) in /home/ubuntu/workspace/small_scale/create_eeg_s.php on line 41
[13-Jan-2018 21:43:18 UTC] PHP Parse error:  syntax error, unexpected '"'"' (T_CONSTANT_ENCAPSED_STRING) in /home/ubuntu/workspace/small_scale/create_eeg_s.php on line 45
[13-Jan-2018 23:23:29 UTC] PHP Parse error:  syntax error, unexpected '}' in /home/ubuntu/workspace/small_scale/create_eeg_s.php on line 109
[13-Jan-2018 23:28:58 UTC] PHP Parse error:  syntax error, unexpected '=' in /home/ubuntu/workspace/small_scale/create_eeg_s.php on line 104
[14-Jan-2018 21:25:26 UTC] PHP Parse error:  syntax error, unexpected 'echo' (T_ECHO), expecting ',' or ';' in /home/ubuntu/workspace/small_scale/create_eeg_s.php on line 24
[14-Jan-2018 21:25:34 UTC] PHP Parse error:  syntax error, unexpected 'echo' (T_ECHO), expecting ',' or ';' in /home/ubuntu/workspace/small_scale/create_eeg_s.php on line 28
[16-Jan-2018 04:05:45 UTC] PHP Warning:  mysqli_query() expects parameter 1 to be mysqli, null given in /home/ubuntu/workspace/small_scale/report_eeg_s.php on line 32
[16-Jan-2018 04:05:45 UTC] PHP Stack trace:
[16-Jan-2018 04:05:45 UTC] PHP   1. {main}() /home/ubuntu/workspace/small_scale/report_eeg_s.php:0
[16-Jan-2018 04:05:45 UTC] PHP   2. lookup_int_value() /home/ubuntu/workspace/small_scale/report_eeg_s.php:48
[16-Jan-2018 04:05:45 UTC] PHP   3. mysqli_query() /home/ubuntu/workspace/small_scale/report_eeg_s.php:32
[16-Jan-2018 04:05:45 UTC] PHP Warning:  mysqli_query() expects parameter 1 to be mysqli, null given in /home/ubuntu/workspace/small_scale/report_eeg_s.php on line 32
[16-Jan-2018 04:05:45 UTC] PHP Stack trace:
[16-Jan-2018 04:05:45 UTC] PHP   1. {main}() /home/ubuntu/workspace/small_scale/report_eeg_s.php:0
[16-Jan-2018 04:05:45 UTC] PHP   2. lookup_int_value() /home/ubuntu/workspace/small_scale/report_eeg_s.php:48
[16-Jan-2018 04:05:45 UTC] PHP   3. mysqli_query() /home/ubuntu/workspace/small_scale/report_eeg_s.php:32
[16-Jan-2018 04:05:45 UTC] PHP Warning:  mysqli_query() expects parameter 1 to be mysqli, null given in /home/ubuntu/workspace/small_scale/report_eeg_s.php on line 32
[16-Jan-2018 04:05:45 UTC] PHP Stack trace:
[16-Jan-2018 04:05:45 UTC] PHP   1. {main}() /home/ubuntu/workspace/small_scale/report_eeg_s.php:0
[16-Jan-2018 04:05:45 UTC] PHP   2. lookup_int_value() /home/ubuntu/workspace/small_scale/report_eeg_s.php:48
[16-Jan-2018 04:05:45 UTC] PHP   3. mysqli_query() /home/ubuntu/workspace/small_scale/report_eeg_s.php:32
[16-Jan-2018 04:05:45 UTC] PHP Warning:  mysqli_query() expects parameter 1 to be mysqli, null given in /home/ubuntu/workspace/small_scale/report_eeg_s.php on line 32
[16-Jan-2018 04:05:45 UTC] PHP Stack trace:
[16-Jan-2018 04:05:45 UTC] PHP   1. {main}() /home/ubuntu/workspace/small_scale/report_eeg_s.php:0
[16-Jan-2018 04:05:45 UTC] PHP   2. lookup_int_value() /home/ubuntu/workspace/small_scale/report_eeg_s.php:48
[16-Jan-2018 04:05:45 UTC] PHP   3. mysqli_query() /home/ubuntu/workspace/small_scale/report_eeg_s.php:32
[16-Jan-2018 04:05:45 UTC] PHP Warning:  mysqli_query() expects parameter 1 to be mysqli, null given in /home/ubuntu/workspace/small_scale/report_eeg_s.php on line 32
[16-Jan-2018 04:05:45 UTC] PHP Stack trace:
[16-Jan-2018 04:05:45 UTC] PHP   1. {main}() /home/ubuntu/workspace/small_scale/report_eeg_s.php:0
[16-Jan-2018 04:05:45 UTC] PHP   2. lookup_int_value() /home/ubuntu/workspace/small_scale/report_eeg_s.php:48
[16-Jan-2018 04:05:45 UTC] PHP   3. mysqli_query() /home/ubuntu/workspace/small_scale/report_eeg_s.php:32
[16-Jan-2018 04:05:45 UTC] PHP Warning:  mysqli_query() expects parameter 1 to be mysqli, null given in /home/ubuntu/workspace/small_scale/report_eeg_s.php on line 32
[16-Jan-2018 04:05:45 UTC] PHP Stack trace:
[16-Jan-2018 04:05:45 UTC] PHP   1. {main}() /home/ubuntu/workspace/small_scale/report_eeg_s.php:0
[16-Jan-2018 04:05:45 UTC] PHP   2. lookup_int_value() /home/ubuntu/workspace/small_scale/report_eeg_s.php:48
[16-Jan-2018 04:05:45 UTC] PHP   3. mysqli_query() /home/ubuntu/workspace/small_scale/report_eeg_s.php:32
[16-Jan-2018 04:05:45 UTC] PHP Warning:  mysqli_query() expects parameter 1 to be mysqli, null given in /home/ubuntu/workspace/small_scale/report_eeg_s.php on line 32
[16-Jan-2018 04:05:45 UTC] PHP Stack trace:
[16-Jan-2018 04:05:45 UTC] PHP   1. {main}() /home/ubuntu/workspace/small_scale/report_eeg_s.php:0
[16-Jan-2018 04:05:45 UTC] PHP   2. lookup_int_value() /home/ubuntu/workspace/small_scale/report_eeg_s.php:74
[16-Jan-2018 04:05:45 UTC] PHP   3. mysqli_query() /home/ubuntu/workspace/small_scale/report_eeg_s.php:32
[16-Jan-2018 04:05:45 UTC] PHP Warning:  mysqli_query() expects parameter 1 to be mysqli, null given in /home/ubuntu/workspace/small_scale/report_eeg_s.php on line 32
[16-Jan-2018 04:05:45 UTC] PHP Stack trace:
[16-Jan-2018 04:05:45 UTC] PHP   1. {main}() /home/ubuntu/workspace/small_scale/report_eeg_s.php:0
[16-Jan-2018 04:05:45 UTC] PHP   2. lookup_int_value() /home/ubuntu/workspace/small_scale/report_eeg_s.php:74
[16-Jan-2018 04:05:45 UTC] PHP   3. mysqli_query() /home/ubuntu/workspace/small_scale/report_eeg_s.php:32
[16-Jan-2018 04:05:45 UTC] PHP Warning:  mysqli_query() expects parameter 1 to be mysqli, null given in /home/ubuntu/workspace/small_scale/report_eeg_s.php on line 32
[16-Jan-2018 04:05:45 UTC] PHP Stack trace:
[16-Jan-2018 04:05:45 UTC] PHP   1. {main}() /home/ubuntu/workspace/small_scale/report_eeg_s.php:0
[16-Jan-2018 04:05:45 UTC] PHP   2. lookup_int_value() /home/ubuntu/workspace/small_scale/report_eeg_s.php:74
[16-Jan-2018 04:05:45 UTC] PHP   3. mysqli_query() /home/ubuntu/workspace/small_scale/report_eeg_s.php:32
[16-Jan-2018 04:05:45 UTC] PHP Warning:  mysqli_query() expects parameter 1 to be mysqli, null given in /home/ubuntu/workspace/small_scale/report_eeg_s.php on line 32
[16-Jan-2018 04:05:45 UTC] PHP Stack trace:
[16-Jan-2018 04:05:45 UTC] PHP   1. {main}() /home/ubuntu/workspace/small_scale/report_eeg_s.php:0
[16-Jan-2018 04:05:45 UTC] PHP   2. lookup_int_value() /home/ubuntu/workspace/small_scale/report_eeg_s.php:74
[16-Jan-2018 04:05:45 UTC] PHP   3. mysqli_query() /home/ubuntu/workspace/small_scale/report_eeg_s.php:32
[16-Jan-2018 04:05:45 UTC] PHP Warning:  mysqli_query() expects parameter 1 to be mysqli, null given in /home/ubuntu/workspace/small_scale/report_eeg_s.php on line 32
[16-Jan-2018 04:05:45 UTC] PHP Stack trace:
[16-Jan-2018 04:05:45 UTC] PHP   1. {main}() /home/ubuntu/workspace/small_scale/report_eeg_s.php:0
[16-Jan-2018 04:05:45 UTC] PHP   2. lookup_int_value() /home/ubuntu/workspace/small_scale/report_eeg_s.php:74
[16-Jan-2018 04:05:45 UTC] PHP   3. mysqli_query() /home/ubuntu/workspace/small_scale/report_eeg_s.php:32
[16-Jan-2018 04:05:45 UTC] PHP Warning:  mysqli_query() expects parameter 1 to be mysqli, null given in /home/ubuntu/workspace/small_scale/report_eeg_s.php on line 32
[16-Jan-2018 04:05:45 UTC] PHP Stack trace:
[16-Jan-2018 04:05:45 UTC] PHP   1. {main}() /home/ubuntu/workspace/small_scale/report_eeg_s.php:0
[16-Jan-2018 04:05:45 UTC] PHP   2. lookup_int_value() /home/ubuntu/workspace/small_scale/report_eeg_s.php:74
[16-Jan-2018 04:05:45 UTC] PHP   3. mysqli_query() /home/ubuntu/workspace/small_scale/report_eeg_s.php:32
[16-Jan-2018 04:05:45 UTC] PHP Warning:  mysqli_query() expects parameter 1 to be mysqli, null given in /home/ubuntu/workspace/small_scale/report_eeg_s.php on line 32
[16-Jan-2018 04:05:45 UTC] PHP Stack trace:
[16-Jan-2018 04:05:45 UTC] PHP   1. {main}() /home/ubuntu/workspace/small_scale/report_eeg_s.php:0
[16-Jan-2018 04:05:45 UTC] PHP   2. lookup_int_value() /home/ubuntu/workspace/small_scale/report_eeg_s.php:74
[16-Jan-2018 04:05:45 UTC] PHP   3. mysqli_query() /home/ubuntu/workspace/small_scale/report_eeg_s.php:32
[16-Jan-2018 04:05:45 UTC] PHP Warning:  mysqli_query() expects parameter 1 to be mysqli, null given in /home/ubuntu/workspace/small_scale/report_eeg_s.php on line 32
[16-Jan-2018 04:05:45 UTC] PHP Stack trace:
[16-Jan-2018 04:05:45 UTC] PHP   1. {main}() /home/ubuntu/workspace/small_scale/report_eeg_s.php:0
[16-Jan-2018 04:05:45 UTC] PHP   2. lookup_int_value() /home/ubuntu/workspace/small_scale/report_eeg_s.php:74
[16-Jan-2018 04:05:45 UTC] PHP   3. mysqli_query() /home/ubuntu/workspace/small_scale/report_eeg_s.php:32
[16-Jan-2018 04:16:01 UTC] PHP Warning:  mysqli_query() expects parameter 1 to be mysqli, null given in /home/ubuntu/workspace/small_scale/report_eeg_s.php on line 32
[16-Jan-2018 04:16:01 UTC] PHP Stack trace:
[16-Jan-2018 04:16:01 UTC] PHP   1. {main}() /home/ubuntu/workspace/small_scale/report_eeg_s.php:0
[16-Jan-2018 04:16:01 UTC] PHP   2. lookup_int_value() /home/ubuntu/workspace/small_scale/report_eeg_s.php:48
[16-Jan-2018 04:16:01 UTC] PHP   3. mysqli_query() /home/ubuntu/workspace/small_scale/report_eeg_s.php:32
[16-Jan-2018 04:16:01 UTC] PHP Warning:  mysqli_query() expects parameter 1 to be mysqli, null given in /home/ubuntu/workspace/small_scale/report_eeg_s.php on line 32
[16-Jan-2018 04:16:01 UTC] PHP Stack trace:
[16-Jan-2018 04:16:01 UTC] PHP   1. {main}() /home/ubuntu/workspace/small_scale/report_eeg_s.php:0
[16-Jan-2018 04:16:01 UTC] PHP   2. lookup_int_value() /home/ubuntu/workspace/small_scale/report_eeg_s.php:48
[16-Jan-2018 04:16:01 UTC] PHP   3. mysqli_query() /home/ubuntu/workspace/small_scale/report_eeg_s.php:32
[16-Jan-2018 04:16:01 UTC] PHP Warning:  mysqli_query() expects parameter 1 to be mysqli, null given in /home/ubuntu/workspace/small_scale/report_eeg_s.php on line 32
[16-Jan-2018 04:16:01 UTC] PHP Stack trace:
[16-Jan-2018 04:16:01 UTC] PHP   1. {main}() /home/ubuntu/workspace/small_scale/report_eeg_s.php:0
[16-Jan-2018 04:16:01 UTC] PHP   2. lookup_int_value() /home/ubuntu/workspace/small_scale/report_eeg_s.php:48
[16-Jan-2018 04:16:01 UTC] PHP   3. mysqli_query() /home/ubuntu/workspace/small_scale/report_eeg_s.php:32
[16-Jan-2018 04:16:01 UTC] PHP Warning:  mysqli_query() expects parameter 1 to be mysqli, null given in /home/ubuntu/workspace/small_scale/report_eeg_s.php on line 32
[16-Jan-2018 04:16:01 UTC] PHP Stack trace:
[16-Jan-2018 04:16:01 UTC] PHP   1. {main}() /home/ubuntu/workspace/small_scale/report_eeg_s.php:0
[16-Jan-2018 04:16:01 UTC] PHP   2. lookup_int_value() /home/ubuntu/workspace/small_scale/report_eeg_s.php:48
[16-Jan-2018 04:16:01 UTC] PHP   3. mysqli_query() /home/ubuntu/workspace/small_scale/report_eeg_s.php:32
[16-Jan-2018 04:16:01 UTC] PHP Warning:  mysqli_query() expects parameter 1 to be mysqli, null given in /home/ubuntu/workspace/small_scale/report_eeg_s.php on line 32
[16-Jan-2018 04:16:01 UTC] PHP Stack trace:
[16-Jan-2018 04:16:01 UTC] PHP   1. {main}() /home/ubuntu/workspace/small_scale/report_eeg_s.php:0
[16-Jan-2018 04:16:01 UTC] PHP   2. lookup_int_value() /home/ubuntu/workspace/small_scale/report_eeg_s.php:48
[16-Jan-2018 04:16:01 UTC] PHP   3. mysqli_query() /home/ubuntu/workspace/small_scale/report_eeg_s.php:32
[16-Jan-2018 04:16:01 UTC] PHP Warning:  mysqli_query() expects parameter 1 to be mysqli, null given in /home/ubuntu/workspace/small_scale/report_eeg_s.php on line 32
[16-Jan-2018 04:16:01 UTC] PHP Stack trace:
[16-Jan-2018 04:16:01 UTC] PHP   1. {main}() /home/ubuntu/workspace/small_scale/report_eeg_s.php:0
[16-Jan-2018 04:16:01 UTC] PHP   2. lookup_int_value() /home/ubuntu/workspace/small_scale/report_eeg_s.php:74
[16-Jan-2018 04:16:01 UTC] PHP   3. mysqli_query() /home/ubuntu/workspace/small_scale/report_eeg_s.php:32
[16-Jan-2018 04:16:01 UTC] PHP Warning:  mysqli_query() expects parameter 1 to be mysqli, null given in /home/ubuntu/workspace/small_scale/report_eeg_s.php on line 32
[16-Jan-2018 04:16:01 UTC] PHP Stack trace:
[16-Jan-2018 04:16:01 UTC] PHP   1. {main}() /home/ubuntu/workspace/small_scale/report_eeg_s.php:0
[16-Jan-2018 04:16:01 UTC] PHP   2. lookup_int_value() /home/ubuntu/workspace/small_scale/report_eeg_s.php:74
[16-Jan-2018 04:16:01 UTC] PHP   3. mysqli_query() /home/ubuntu/workspace/small_scale/report_eeg_s.php:32
[16-Jan-2018 04:16:01 UTC] PHP Warning:  mysqli_query() expects parameter 1 to be mysqli, null given in /home/ubuntu/workspace/small_scale/report_eeg_s.php on line 32
[16-Jan-2018 04:16:01 UTC] PHP Stack trace:
[16-Jan-2018 04:16:01 UTC] PHP   1. {main}() /home/ubuntu/workspace/small_scale/report_eeg_s.php:0
[16-Jan-2018 04:16:01 UTC] PHP   2. lookup_int_value() /home/ubuntu/workspace/small_scale/report_eeg_s.php:74
[16-Jan-2018 04:16:01 UTC] PHP   3. mysqli_query() /home/ubuntu/workspace/small_scale/report_eeg_s.php:32
[16-Jan-2018 04:16:01 UTC] PHP Warning:  mysqli_query() expects parameter 1 to be mysqli, null given in /home/ubuntu/workspace/small_scale/report_eeg_s.php on line 32
[16-Jan-2018 04:16:01 UTC] PHP Stack trace:
[16-Jan-2018 04:16:01 UTC] PHP   1. {main}() /home/ubuntu/workspace/small_scale/report_eeg_s.php:0
[16-Jan-2018 04:16:01 UTC] PHP   2. lookup_int_value() /home/ubuntu/workspace/small_scale/report_eeg_s.php:74
[16-Jan-2018 04:16:01 UTC] PHP   3. mysqli_query() /home/ubuntu/workspace/small_scale/report_eeg_s.php:32
[16-Jan-2018 04:16:58 UTC] PHP Warning:  mysqli_query() expects parameter 1 to be mysqli, null given in /home/ubuntu/workspace/small_scale/report_eeg_s.php on line 32
[16-Jan-2018 04:16:58 UTC] PHP Stack trace:
[16-Jan-2018 04:16:58 UTC] PHP   1. {main}() /home/ubuntu/workspace/small_scale/report_eeg_s.php:0
[16-Jan-2018 04:16:58 UTC] PHP   2. lookup_int_value() /home/ubuntu/workspace/small_scale/report_eeg_s.php:48
[16-Jan-2018 04:16:58 UTC] PHP   3. mysqli_query() /home/ubuntu/workspace/small_scale/report_eeg_s.php:32
[16-Jan-2018 04:16:58 UTC] PHP Warning:  mysqli_query() expects parameter 1 to be mysqli, null given in /home/ubuntu/workspace/small_scale/report_eeg_s.php on line 32
[16-Jan-2018 04:16:58 UTC] PHP Stack trace:
[16-Jan-2018 04:16:58 UTC] PHP   1. {main}() /home/ubuntu/workspace/small_scale/report_eeg_s.php:0
[16-Jan-2018 04:16:58 UTC] PHP   2. lookup_int_value() /home/ubuntu/workspace/small_scale/report_eeg_s.php:48
[16-Jan-2018 04:16:58 UTC] PHP   3. mysqli_query() /home/ubuntu/workspace/small_scale/report_eeg_s.php:32
[16-Jan-2018 04:16:58 UTC] PHP Warning:  mysqli_query() expects parameter 1 to be mysqli, null given in /home/ubuntu/workspace/small_scale/report_eeg_s.php on line 32
[16-Jan-2018 04:16:58 UTC] PHP Stack trace:
[16-Jan-2018 04:16:58 UTC] PHP   1. {main}() /home/ubuntu/workspace/small_scale/report_eeg_s.php:0
[16-Jan-2018 04:16:58 UTC] PHP   2. lookup_int_value() /home/ubuntu/workspace/small_scale/report_eeg_s.php:48
[16-Jan-2018 04:16:58 UTC] PHP   3. mysqli_query() /home/ubuntu/workspace/small_scale/report_eeg_s.php:32
[16-Jan-2018 04:16:58 UTC] PHP Warning:  mysqli_query() expects parameter 1 to be mysqli, null given in /home/ubuntu/workspace/small_scale/report_eeg_s.php on line 32
[16-Jan-2018 04:16:58 UTC] PHP Stack trace:
[16-Jan-2018 04:16:58 UTC] PHP   1. {main}() /home/ubuntu/workspace/small_scale/report_eeg_s.php:0
[16-Jan-2018 04:16:58 UTC] PHP   2. lookup_int_value() /home/ubuntu/workspace/small_scale/report_eeg_s.php:48
[16-Jan-2018 04:16:58 UTC] PHP   3. mysqli_query() /home/ubuntu/workspace/small_scale/report_eeg_s.php:32
[16-Jan-2018 04:16:58 UTC] PHP Warning:  mysqli_query() expects parameter 1 to be mysqli, null given in /home/ubuntu/workspace/small_scale/report_eeg_s.php on line 32
[16-Jan-2018 04:16:58 UTC] PHP Stack trace:
[16-Jan-2018 04:16:58 UTC] PHP   1. {main}() /home/ubuntu/workspace/small_scale/report_eeg_s.php:0
[16-Jan-2018 04:16:58 UTC] PHP   2. lookup_int_value() /home/ubuntu/workspace/small_scale/report_eeg_s.php:48
[16-Jan-2018 04:16:58 UTC] PHP   3. mysqli_query() /home/ubuntu/workspace/small_scale/report_eeg_s.php:32
[16-Jan-2018 04:16:58 UTC] PHP Warning:  mysqli_query() expects parameter 1 to be mysqli, null given in /home/ubuntu/workspace/small_scale/report_eeg_s.php on line 32
[16-Jan-2018 04:16:58 UTC] PHP Stack trace:
[16-Jan-2018 04:16:58 UTC] PHP   1. {main}() /home/ubuntu/workspace/small_scale/report_eeg_s.php:0
[16-Jan-2018 04:16:58 UTC] PHP   2. lookup_int_value() /home/ubuntu/workspace/small_scale/report_eeg_s.php:74
[16-Jan-2018 04:16:58 UTC] PHP   3. mysqli_query() /home/ubuntu/workspace/small_scale/report_eeg_s.php:32
[16-Jan-2018 04:16:58 UTC] PHP Warning:  mysqli_query() expects parameter 1 to be mysqli, null given in /home/ubuntu/workspace/small_scale/report_eeg_s.php on line 32
[16-Jan-2018 04:16:58 UTC] PHP Stack trace:
[16-Jan-2018 04:16:58 UTC] PHP   1. {main}() /home/ubuntu/workspace/small_scale/report_eeg_s.php:0
[16-Jan-2018 04:16:58 UTC] PHP   2. lookup_int_value() /home/ubuntu/workspace/small_scale/report_eeg_s.php:74
[16-Jan-2018 04:16:58 UTC] PHP   3. mysqli_query() /home/ubuntu/workspace/small_scale/report_eeg_s.php:32
[16-Jan-2018 04:16:58 UTC] PHP Warning:  mysqli_query() expects parameter 1 to be mysqli, null given in /home/ubuntu/workspace/small_scale/report_eeg_s.php on line 32
[16-Jan-2018 04:16:58 UTC] PHP Stack trace:
[16-Jan-2018 04:16:58 UTC] PHP   1. {main}() /home/ubuntu/workspace/small_scale/report_eeg_s.php:0
[16-Jan-2018 04:16:58 UTC] PHP   2. lookup_int_value() /home/ubuntu/workspace/small_scale/report_eeg_s.php:74
[16-Jan-2018 04:16:58 UTC] PHP   3. mysqli_query() /home/ubuntu/workspace/small_scale/report_eeg_s.php:32
[16-Jan-2018 04:16:58 UTC] PHP Warning:  mysqli_query() expects parameter 1 to be mysqli, null given in /home/ubuntu/workspace/small_scale/report_eeg_s.php on line 32
[16-Jan-2018 04:16:58 UTC] PHP Stack trace:
[16-Jan-2018 04:16:58 UTC] PHP   1. {main}() /home/ubuntu/workspace/small_scale/report_eeg_s.php:0
[16-Jan-2018 04:16:58 UTC] PHP   2. lookup_int_value() /home/ubuntu/workspace/small_scale/report_eeg_s.php:74
[16-Jan-2018 04:16:58 UTC] PHP   3. mysqli_query() /home/ubuntu/workspace/small_scale/report_eeg_s.php:32
[16-Jan-2018 04:17:44 UTC] PHP Warning:  mysqli_query() expects parameter 1 to be mysqli, null given in /home/ubuntu/workspace/small_scale/report_eeg_s.php on line 32
[16-Jan-2018 04:17:44 UTC] PHP Stack trace:
[16-Jan-2018 04:17:44 UTC] PHP   1. {main}() /home/ubuntu/workspace/small_scale/report_eeg_s.php:0
[16-Jan-2018 04:17:44 UTC] PHP   2. lookup_int_value() /home/ubuntu/workspace/small_scale/report_eeg_s.php:48
[16-Jan-2018 04:17:44 UTC] PHP   3. mysqli_query() /home/ubuntu/workspace/small_scale/report_eeg_s.php:32
[16-Jan-2018 04:17:44 UTC] PHP Warning:  mysqli_query() expects parameter 1 to be mysqli, null given in /home/ubuntu/workspace/small_scale/report_eeg_s.php on line 32
[16-Jan-2018 04:17:44 UTC] PHP Stack trace:
[16-Jan-2018 04:17:44 UTC] PHP   1. {main}() /home/ubuntu/workspace/small_scale/report_eeg_s.php:0
[16-Jan-2018 04:17:44 UTC] PHP   2. lookup_int_value() /home/ubuntu/workspace/small_scale/report_eeg_s.php:48
[16-Jan-2018 04:17:44 UTC] PHP   3. mysqli_query() /home/ubuntu/workspace/small_scale/report_eeg_s.php:32
[16-Jan-2018 04:17:44 UTC] PHP Warning:  mysqli_query() expects parameter 1 to be mysqli, null given in /home/ubuntu/workspace/small_scale/report_eeg_s.php on line 32
[16-Jan-2018 04:17:44 UTC] PHP Stack trace:
[16-Jan-2018 04:17:44 UTC] PHP   1. {main}() /home/ubuntu/workspace/small_scale/report_eeg_s.php:0
[16-Jan-2018 04:17:44 UTC] PHP   2. lookup_int_value() /home/ubuntu/workspace/small_scale/report_eeg_s.php:48
[16-Jan-2018 04:17:44 UTC] PHP   3. mysqli_query() /home/ubuntu/workspace/small_scale/report_eeg_s.php:32
[16-Jan-2018 04:17:44 UTC] PHP Warning:  mysqli_query() expects parameter 1 to be mysqli, null given in /home/ubuntu/workspace/small_scale/report_eeg_s.php on line 32
[16-Jan-2018 04:17:44 UTC] PHP Stack trace:
[16-Jan-2018 04:17:44 UTC] PHP   1. {main}() /home/ubuntu/workspace/small_scale/report_eeg_s.php:0
[16-Jan-2018 04:17:44 UTC] PHP   2. lookup_int_value() /home/ubuntu/workspace/small_scale/report_eeg_s.php:48
[16-Jan-2018 04:17:44 UTC] PHP   3. mysqli_query() /home/ubuntu/workspace/small_scale/report_eeg_s.php:32
[16-Jan-2018 04:17:44 UTC] PHP Warning:  mysqli_query() expects parameter 1 to be mysqli, null given in /home/ubuntu/workspace/small_scale/report_eeg_s.php on line 32
[16-Jan-2018 04:17:44 UTC] PHP Stack trace:
[16-Jan-2018 04:17:44 UTC] PHP   1. {main}() /home/ubuntu/workspace/small_scale/report_eeg_s.php:0
[16-Jan-2018 04:17:44 UTC] PHP   2. lookup_int_value() /home/ubuntu/workspace/small_scale/report_eeg_s.php:48
[16-Jan-2018 04:17:44 UTC] PHP   3. mysqli_query() /home/ubuntu/workspace/small_scale/report_eeg_s.php:32
[16-Jan-2018 04:17:44 UTC] PHP Warning:  mysqli_query() expects parameter 1 to be mysqli, null given in /home/ubuntu/workspace/small_scale/report_eeg_s.php on line 32
[16-Jan-2018 04:17:44 UTC] PHP Stack trace:
[16-Jan-2018 04:17:44 UTC] PHP   1. {main}() /home/ubuntu/workspace/small_scale/report_eeg_s.php:0
[16-Jan-2018 04:17:44 UTC] PHP   2. lookup_int_value() /home/ubuntu/workspace/small_scale/report_eeg_s.php:74
[16-Jan-2018 04:17:44 UTC] PHP   3. mysqli_query() /home/ubuntu/workspace/small_scale/report_eeg_s.php:32
[16-Jan-2018 04:17:44 UTC] PHP Warning:  mysqli_query() expects parameter 1 to be mysqli, null given in /home/ubuntu/workspace/small_scale/report_eeg_s.php on line 32
[16-Jan-2018 04:17:44 UTC] PHP Stack trace:
[16-Jan-2018 04:17:44 UTC] PHP   1. {main}() /home/ubuntu/workspace/small_scale/report_eeg_s.php:0
[16-Jan-2018 04:17:44 UTC] PHP   2. lookup_int_value() /home/ubuntu/workspace/small_scale/report_eeg_s.php:74
[16-Jan-2018 04:17:44 UTC] PHP   3. mysqli_query() /home/ubuntu/workspace/small_scale/report_eeg_s.php:32
[16-Jan-2018 04:17:44 UTC] PHP Warning:  mysqli_query() expects parameter 1 to be mysqli, null given in /home/ubuntu/workspace/small_scale/report_eeg_s.php on line 32
[16-Jan-2018 04:17:44 UTC] PHP Stack trace:
[16-Jan-2018 04:17:44 UTC] PHP   1. {main}() /home/ubuntu/workspace/small_scale/report_eeg_s.php:0
[16-Jan-2018 04:17:44 UTC] PHP   2. lookup_int_value() /home/ubuntu/workspace/small_scale/report_eeg_s.php:74
[16-Jan-2018 04:17:44 UTC] PHP   3. mysqli_query() /home/ubuntu/workspace/small_scale/report_eeg_s.php:32
[16-Jan-2018 04:17:44 UTC] PHP Warning:  mysqli_query() expects parameter 1 to be mysqli, null given in /home/ubuntu/workspace/small_scale/report_eeg_s.php on line 32
[16-Jan-2018 04:17:44 UTC] PHP Stack trace:
[16-Jan-2018 04:17:44 UTC] PHP   1. {main}() /home/ubuntu/workspace/small_scale/report_eeg_s.php:0
[16-Jan-2018 04:17:44 UTC] PHP   2. lookup_int_value() /home/ubuntu/workspace/small_scale/report_eeg_s.php:74
[16-Jan-2018 04:17:44 UTC] PHP   3. mysqli_query() /home/ubuntu/workspace/small_scale/report_eeg_s.php:32
[16-Jan-2018 04:24:43 UTC] PHP Warning:  mysqli_query() expects parameter 1 to be mysqli, null given in /home/ubuntu/workspace/small_scale/report_eeg_s.php on line 30
[16-Jan-2018 04:24:43 UTC] PHP Stack trace:
[16-Jan-2018 04:24:43 UTC] PHP   1. {main}() /home/ubuntu/workspace/small_scale/report_eeg_s.php:0
[16-Jan-2018 04:24:43 UTC] PHP   2. lookup_int_value() /home/ubuntu/workspace/small_scale/report_eeg_s.php:39
[16-Jan-2018 04:24:43 UTC] PHP   3. mysqli_query() /home/ubuntu/workspace/small_scale/report_eeg_s.php:30
[18-Jan-2018 03:09:06 UTC] PHP Warning:  Invalid argument supplied for foreach() in /home/ubuntu/workspace/small_scale/report_eeg_s.php on line 95
[18-Jan-2018 03:09:06 UTC] PHP Stack trace:
[18-Jan-2018 03:09:06 UTC] PHP   1. {main}() /home/ubuntu/workspace/small_scale/report_eeg_s.php:0
[18-Jan-2018 03:09:06 UTC] PHP Warning:  Invalid argument supplied for foreach() in /home/ubuntu/workspace/small_scale/report_eeg_s.php on line 95
[18-Jan-2018 03:09:06 UTC] PHP Stack trace:
[18-Jan-2018 03:09:06 UTC] PHP   1. {main}() /home/ubuntu/workspace/small_scale/report_eeg_s.php:0
[18-Jan-2018 03:13:47 UTC] PHP Parse error:  syntax error, unexpected '<' in /home/ubuntu/workspace/small_scale/report_eeg_s.php on line 105
